writeCommonTags: couldn't write 'year' tag to 'Various-The_Witcher,_Pt._3_Wild_Hunt/001.The_Trail-The_Trail.wav' as it's not a positive integer
writeCommonTags: couldn't write 'track' tag to 'Various-The_Witcher,_Pt._3_Wild_Hunt/001.The_Trail-The_Trail.wav' as it's not a positive integer
writeCommonTags: couldn't write 'year' tag to 'Various-The_Witcher,_Pt._3_Wild_Hunt/002.Geralt_of_Rivia-Geralt_of_Rivia.wav' as it's not a positive integer
writeCommonTags: couldn't write 'track' tag to 'Various-The_Witcher,_Pt._3_Wild_Hunt/002.Geralt_of_Rivia-Geralt_of_Rivia.wav' as it's not a positive integer
writeCommonTags: couldn't write 'year' tag to 'Various-The_Witcher,_Pt._3_Wild_Hunt/003.Eredin,_King_of_the_Hunt-Eredin,_King_of_the_Hunt.wav' as it's not a positive integer
writeCommonTags: couldn't write 'track' tag to 'Various-The_Witcher,_Pt._3_Wild_Hunt/003.Eredin,_King_of_the_Hunt-Eredin,_King_of_the_Hunt.wav' as it's not a positive integer
writeCommonTags: couldn't write 'year' tag to 'Various-The_Witcher,_Pt._3_Wild_Hunt/004.Wake_Up,_Ciri-Wake_Up,_Ciri.wav' as it's not a positive integer
writeCommonTags: couldn't write 'track' tag to 'Various-The_Witcher,_Pt._3_Wild_Hunt/004.Wake_Up,_Ciri-Wake_Up,_Ciri.wav' as it's not a positive integer
writeCommonTags: couldn't write 'year' tag to 'Various-The_Witcher,_Pt._3_Wild_Hunt/005.Aen_Seidhe-Aen_Seidhe.wav' as it's not a positive integer
writeCommonTags: couldn't write 'track' tag to 'Various-The_Witcher,_Pt._3_Wild_Hunt/005.Aen_Seidhe-Aen_Seidhe.wav' as it's not a positive integer
writeCommonTags: couldn't write 'year' tag to 'Various-The_Witcher,_Pt._3_Wild_Hunt/006.Commanding_the_Fury-Commanding_the_Fury.wav' as it's not a positive integer
writeCommonTags: couldn't write 'track' tag to 'Various-The_Witcher,_Pt._3_Wild_Hunt/006.Commanding_the_Fury-Commanding_the_Fury.wav' as it's not a positive integer
writeCommonTags: couldn't write 'year' tag to 'Various-The_Witcher,_Pt._3_Wild_Hunt/007.Emhyr_var_Emreis-Emhyr_var_Emreis.wav' as it's not a positive integer
writeCommonTags: couldn't write 'track' tag to 'Various-The_Witcher,_Pt._3_Wild_Hunt/007.Emhyr_var_Emreis-Emhyr_var_Emreis.wav' as it's not a positive integer
writeCommonTags: couldn't write 'year' tag to 'Various-The_Witcher,_Pt._3_Wild_Hunt/008.Spikeroog-Spikeroog.wav' as it's not a positive integer
writeCommonTags: couldn't write 'track' tag to 'Various-The_Witcher,_Pt._3_Wild_Hunt/008.Spikeroog-Spikeroog.wav' as it's not a positive integer
writeCommonTags: couldn't write 'year' tag to 'Various-The_Witcher,_Pt._3_Wild_Hunt/009.King_Brans_Final_Voyage-King_Brans_Final_Voyage.wav' as it's not a positive integer
writeCommonTags: couldn't write 'track' tag to 'Various-The_Witcher,_Pt._3_Wild_Hunt/009.King_Brans_Final_Voyage-King_Brans_Final_Voyage.wav' as it's not a positive integer
writeCommonTags: couldn't write 'year' tag to 'Various-The_Witcher,_Pt._3_Wild_Hunt/010.Silver_for_Monsters…-Silver_for_Monsters….wav' as it's not a positive integer
writeCommonTags: couldn't write 'track' tag to 'Various-The_Witcher,_Pt._3_Wild_Hunt/010.Silver_for_Monsters…-Silver_for_Monsters….wav' as it's not a positive integer
writeCommonTags: couldn't write 'year' tag to 'Various-The_Witcher,_Pt._3_Wild_Hunt/011.Whispers_of_Oxenfurt-Whispers_of_Oxenfurt.wav' as it's not a positive integer
writeCommonTags: couldn't write 'track' tag to 'Various-The_Witcher,_Pt._3_Wild_Hunt/011.Whispers_of_Oxenfurt-Whispers_of_Oxenfurt.wav' as it's not a positive integer
writeCommonTags: couldn't write 'year' tag to 'Various-The_Witcher,_Pt._3_Wild_Hunt/012.The_Nightingale-The_Nightingale.wav' as it's not a positive integer
writeCommonTags: couldn't write 'track' tag to 'Various-The_Witcher,_Pt._3_Wild_Hunt/012.The_Nightingale-The_Nightingale.wav' as it's not a positive integer
writeCommonTags: couldn't write 'year' tag to 'Various-The_Witcher,_Pt._3_Wild_Hunt/013.City_of_intrigues-City_of_intrigues.wav' as it's not a positive integer
writeCommonTags: couldn't write 'track' tag to 'Various-The_Witcher,_Pt._3_Wild_Hunt/013.City_of_intrigues-City_of_intrigues.wav' as it's not a positive integer
writeCommonTags: couldn't write 'year' tag to 'Various-The_Witcher,_Pt._3_Wild_Hunt/014.The_Hunters_Path-The_Hunters_Path.wav' as it's not a positive integer
writeCommonTags: couldn't write 'track' tag to 'Various-The_Witcher,_Pt._3_Wild_Hunt/014.The_Hunters_Path-The_Hunters_Path.wav' as it's not a positive integer
writeCommonTags: couldn't write 'year' tag to 'Various-The_Witcher,_Pt._3_Wild_Hunt/015.Widow-Maker-Widow-Maker.wav' as it's not a positive integer
writeCommonTags: couldn't write 'track' tag to 'Various-The_Witcher,_Pt._3_Wild_Hunt/015.Widow-Maker-Widow-Maker.wav' as it's not a positive integer
writeCommonTags: couldn't write 'year' tag to 'Various-The_Witcher,_Pt._3_Wild_Hunt/016.Kaer_Morthen-Kaer_Morthen.wav' as it's not a positive integer
writeCommonTags: couldn't write 'track' tag to 'Various-The_Witcher,_Pt._3_Wild_Hunt/016.Kaer_Morthen-Kaer_Morthen.wav' as it's not a positive integer
writeCommonTags: couldn't write 'year' tag to 'Various-The_Witcher,_Pt._3_Wild_Hunt/017.Eyes_of_the_Wolf-Eyes_of_the_Wolf.wav' as it's not a positive integer
writeCommonTags: couldn't write 'track' tag to 'Various-The_Witcher,_Pt._3_Wild_Hunt/017.Eyes_of_the_Wolf-Eyes_of_the_Wolf.wav' as it's not a positive integer
writeCommonTags: couldn't write 'year' tag to 'Various-The_Witcher,_Pt._3_Wild_Hunt/018.Witch_Hunters-Witch_Hunters.wav' as it's not a positive integer
writeCommonTags: couldn't write 'track' tag to 'Various-The_Witcher,_Pt._3_Wild_Hunt/018.Witch_Hunters-Witch_Hunters.wav' as it's not a positive integer
writeCommonTags: couldn't write 'year' tag to 'Various-The_Witcher,_Pt._3_Wild_Hunt/019.…Steel_for_Humans-…Steel_for_Humans.wav' as it's not a positive integer
writeCommonTags: couldn't write 'track' tag to 'Various-The_Witcher,_Pt._3_Wild_Hunt/019.…Steel_for_Humans-…Steel_for_Humans.wav' as it's not a positive integer
writeCommonTags: couldn't write 'year' tag to 'Various-The_Witcher,_Pt._3_Wild_Hunt/020.Fate_Calls-Fate_Calls.wav' as it's not a positive integer
writeCommonTags: couldn't write 'track' tag to 'Various-The_Witcher,_Pt._3_Wild_Hunt/020.Fate_Calls-Fate_Calls.wav' as it's not a positive integer
writeCommonTags: couldn't write 'year' tag to 'Various-The_Witcher,_Pt._3_Wild_Hunt/021.The_Vagabond-The_Vagabond.wav' as it's not a positive integer
writeCommonTags: couldn't write 'track' tag to 'Various-The_Witcher,_Pt._3_Wild_Hunt/021.The_Vagabond-The_Vagabond.wav' as it's not a positive integer
writeCommonTags: couldn't write 'year' tag to 'Various-The_Witcher,_Pt._3_Wild_Hunt/022.Cloak_and_Dagger-Cloak_and_Dagger.wav' as it's not a positive integer
writeCommonTags: couldn't write 'track' tag to 'Various-The_Witcher,_Pt._3_Wild_Hunt/022.Cloak_and_Dagger-Cloak_and_Dagger.wav' as it's not a positive integer
writeCommonTags: couldn't write 'year' tag to 'Various-The_Witcher,_Pt._3_Wild_Hunt/023.Forged_in_Fire-Forged_in_Fire.wav' as it's not a positive integer
writeCommonTags: couldn't write 'track' tag to 'Various-The_Witcher,_Pt._3_Wild_Hunt/023.Forged_in_Fire-Forged_in_Fire.wav' as it's not a positive integer
writeCommonTags: couldn't write 'year' tag to 'Various-The_Witcher,_Pt._3_Wild_Hunt/024.Yes,_I_Do…-Yes,_I_Do….wav' as it's not a positive integer
writeCommonTags: couldn't write 'track' tag to 'Various-The_Witcher,_Pt._3_Wild_Hunt/024.Yes,_I_Do…-Yes,_I_Do….wav' as it's not a positive integer
writeCommonTags: couldn't write 'year' tag to 'Various-The_Witcher,_Pt._3_Wild_Hunt/025.Welcome,_Imlerith-Welcome,_Imlerith.wav' as it's not a positive integer
writeCommonTags: couldn't write 'track' tag to 'Various-The_Witcher,_Pt._3_Wild_Hunt/025.Welcome,_Imlerith-Welcome,_Imlerith.wav' as it's not a positive integer
writeCommonTags: couldn't write 'year' tag to 'Various-The_Witcher,_Pt._3_Wild_Hunt/026.Drink_Up,_Theres_More!-Drink_Up,_Theres_More!.wav' as it's not a positive integer
writeCommonTags: couldn't write 'track' tag to 'Various-The_Witcher,_Pt._3_Wild_Hunt/026.Drink_Up,_Theres_More!-Drink_Up,_Theres_More!.wav' as it's not a positive integer
writeCommonTags: couldn't write 'year' tag to 'Various-The_Witcher,_Pt._3_Wild_Hunt/001.The_Trail-The_Trail.wav' as it's not a positive integer
writeCommonTags: couldn't write 'track' tag to 'Various-The_Witcher,_Pt._3_Wild_Hunt/001.The_Trail-The_Trail.wav' as it's not a positive integer
writeCommonTags: couldn't write 'track' tag to 'Various-The_Witcher,_Pt._3_Wild_Hunt/002.Geralt_of_Rivia-Geralt_of_Rivia.wav' as it's not a positive integer
writeCommonTags: couldn't write 'year' tag to 'Various-The_Witcher,_Pt._3_Wild_Hunt/003.Eredin,_King_of_the_Hunt-Eredin,_King_of_the_Hunt.wav' as it's not a positive integer
writeCommonTags: couldn't write 'track' tag to 'Various-The_Witcher,_Pt._3_Wild_Hunt/003.Eredin,_King_of_the_Hunt-Eredin,_King_of_the_Hunt.wav' as it's not a positive integer
writeCommonTags: couldn't write 'year' tag to 'Various-The_Witcher,_Pt._3_Wild_Hunt/004.Wake_Up,_Ciri-Wake_Up,_Ciri.wav' as it's not a positive integer
writeCommonTags: couldn't write 'track' tag to 'Various-The_Witcher,_Pt._3_Wild_Hunt/004.Wake_Up,_Ciri-Wake_Up,_Ciri.wav' as it's not a positive integer
writeCommonTags: couldn't write 'year' tag to 'Various-The_Witcher,_Pt._3_Wild_Hunt/005.Aen_Seidhe-Aen_Seidhe.wav' as it's not a positive integer
writeCommonTags: couldn't write 'track' tag to 'Various-The_Witcher,_Pt._3_Wild_Hunt/005.Aen_Seidhe-Aen_Seidhe.wav' as it's not a positive integer
writeCommonTags: couldn't write 'year' tag to 'Various-The_Witcher,_Pt._3_Wild_Hunt/006.Commanding_the_Fury-Commanding_the_Fury.wav' as it's not a positive integer
writeCommonTags: couldn't write 'track' tag to 'Various-The_Witcher,_Pt._3_Wild_Hunt/006.Commanding_the_Fury-Commanding_the_Fury.wav' as it's not a positive integer
writeCommonTags: couldn't write 'year' tag to 'Various-The_Witcher,_Pt._3_Wild_Hunt/007.Emhyr_var_Emreis-Emhyr_var_Emreis.wav' as it's not a positive integer
writeCommonTags: couldn't write 'track' tag to 'Various-The_Witcher,_Pt._3_Wild_Hunt/007.Emhyr_var_Emreis-Emhyr_var_Emreis.wav' as it's not a positive integer
writeCommonTags: couldn't write 'year' tag to 'Various-The_Witcher,_Pt._3_Wild_Hunt/008.Spikeroog-Spikeroog.wav' as it's not a positive integer
writeCommonTags: couldn't write 'track' tag to 'Various-The_Witcher,_Pt._3_Wild_Hunt/008.Spikeroog-Spikeroog.wav' as it's not a positive integer
writeCommonTags: couldn't write 'year' tag to 'Various-The_Witcher,_Pt._3_Wild_Hunt/009.King_Brans_Final_Voyage-King_Brans_Final_Voyage.wav' as it's not a positive integer
writeCommonTags: couldn't write 'track' tag to 'Various-The_Witcher,_Pt._3_Wild_Hunt/009.King_Brans_Final_Voyage-King_Brans_Final_Voyage.wav' as it's not a positive integer
writeCommonTags: couldn't write 'year' tag to 'Various-The_Witcher,_Pt._3_Wild_Hunt/010.Silver_for_Monsters…-Silver_for_Monsters….wav' as it's not a positive integer
writeCommonTags: couldn't write 'track' tag to 'Various-The_Witcher,_Pt._3_Wild_Hunt/010.Silver_for_Monsters…-Silver_for_Monsters….wav' as it's not a positive integer
writeCommonTags: couldn't write 'year' tag to 'Various-The_Witcher,_Pt._3_Wild_Hunt/011.Whispers_of_Oxenfurt-Whispers_of_Oxenfurt.wav' as it's not a positive integer
writeCommonTags: couldn't write 'track' tag to 'Various-The_Witcher,_Pt._3_Wild_Hunt/011.Whispers_of_Oxenfurt-Whispers_of_Oxenfurt.wav' as it's not a positive integer
writeCommonTags: couldn't write 'year' tag to 'Various-The_Witcher,_Pt._3_Wild_Hunt/012.The_Nightingale-The_Nightingale.wav' as it's not a positive integer
writeCommonTags: couldn't write 'track' tag to 'Various-The_Witcher,_Pt._3_Wild_Hunt/012.The_Nightingale-The_Nightingale.wav' as it's not a positive integer
writeCommonTags: couldn't write 'year' tag to 'Various-The_Witcher,_Pt._3_Wild_Hunt/013.City_of_intrigues-City_of_intrigues.wav' as it's not a positive integer
writeCommonTags: couldn't write 'track' tag to 'Various-The_Witcher,_Pt._3_Wild_Hunt/013.City_of_intrigues-City_of_intrigues.wav' as it's not a positive integer
writeCommonTags: couldn't write 'year' tag to 'Various-The_Witcher,_Pt._3_Wild_Hunt/014.The_Hunters_Path-The_Hunters_Path.wav' as it's not a positive integer
writeCommonTags: couldn't write 'track' tag to 'Various-The_Witcher,_Pt._3_Wild_Hunt/014.The_Hunters_Path-The_Hunters_Path.wav' as it's not a positive integer
writeCommonTags: couldn't write 'year' tag to 'Various-The_Witcher,_Pt._3_Wild_Hunt/015.Widow-Maker-Widow-Maker.wav' as it's not a positive integer
writeCommonTags: couldn't write 'track' tag to 'Various-The_Witcher,_Pt._3_Wild_Hunt/015.Widow-Maker-Widow-Maker.wav' as it's not a positive integer
writeCommonTags: couldn't write 'year' tag to 'Various-The_Witcher,_Pt._3_Wild_Hunt/016.Kaer_Morthen-Kaer_Morthen.wav' as it's not a positive integer
writeCommonTags: couldn't write 'track' tag to 'Various-The_Witcher,_Pt._3_Wild_Hunt/016.Kaer_Morthen-Kaer_Morthen.wav' as it's not a positive integer
writeCommonTags: couldn't write 'year' tag to 'Various-The_Witcher,_Pt._3_Wild_Hunt/017.Eyes_of_the_Wolf-Eyes_of_the_Wolf.wav' as it's not a positive integer
writeCommonTags: couldn't write 'track' tag to 'Various-The_Witcher,_Pt._3_Wild_Hunt/017.Eyes_of_the_Wolf-Eyes_of_the_Wolf.wav' as it's not a positive integer
writeCommonTags: couldn't write 'year' tag to 'Various-The_Witcher,_Pt._3_Wild_Hunt/018.Witch_Hunters-Witch_Hunters.wav' as it's not a positive integer
writeCommonTags: couldn't write 'track' tag to 'Various-The_Witcher,_Pt._3_Wild_Hunt/018.Witch_Hunters-Witch_Hunters.wav' as it's not a positive integer
writeCommonTags: couldn't write 'year' tag to 'Various-The_Witcher,_Pt._3_Wild_Hunt/019.…Steel_for_Humans-…Steel_for_Humans.wav' as it's not a positive integer
writeCommonTags: couldn't write 'track' tag to 'Various-The_Witcher,_Pt._3_Wild_Hunt/019.…Steel_for_Humans-…Steel_for_Humans.wav' as it's not a positive integer
writeCommonTags: couldn't write 'year' tag to 'Various-The_Witcher,_Pt._3_Wild_Hunt/020.Fate_Calls-Fate_Calls.wav' as it's not a positive integer
writeCommonTags: couldn't write 'track' tag to 'Various-The_Witcher,_Pt._3_Wild_Hunt/020.Fate_Calls-Fate_Calls.wav' as it's not a positive integer
writeCommonTags: couldn't write 'year' tag to 'Various-The_Witcher,_Pt._3_Wild_Hunt/021.The_Vagabond-The_Vagabond.wav' as it's not a positive integer
writeCommonTags: couldn't write 'track' tag to 'Various-The_Witcher,_Pt._3_Wild_Hunt/021.The_Vagabond-The_Vagabond.wav' as it's not a positive integer
writeCommonTags: couldn't write 'year' tag to 'Various-The_Witcher,_Pt._3_Wild_Hunt/022.Cloak_and_Dagger-Cloak_and_Dagger.wav' as it's not a positive integer
writeCommonTags: couldn't write 'track' tag to 'Various-The_Witcher,_Pt._3_Wild_Hunt/022.Cloak_and_Dagger-Cloak_and_Dagger.wav' as it's not a positive integer
writeCommonTags: couldn't write 'year' tag to 'Various-The_Witcher,_Pt._3_Wild_Hunt/023.Forged_in_Fire-Forged_in_Fire.wav' as it's not a positive integer
writeCommonTags: couldn't write 'track' tag to 'Various-The_Witcher,_Pt._3_Wild_Hunt/023.Forged_in_Fire-Forged_in_Fire.wav' as it's not a positive integer
writeCommonTags: couldn't write 'year' tag to 'Various-The_Witcher,_Pt._3_Wild_Hunt/024.Yes,_I_Do…-Yes,_I_Do….wav' as it's not a positive integer
writeCommonTags: couldn't write 'track' tag to 'Various-The_Witcher,_Pt._3_Wild_Hunt/024.Yes,_I_Do…-Yes,_I_Do….wav' as it's not a positive integer
writeCommonTags: couldn't write 'year' tag to 'Various-The_Witcher,_Pt._3_Wild_Hunt/025.Welcome,_Imlerith-Welcome,_Imlerith.wav' as it's not a positive integer
writeCommonTags: couldn't write 'track' tag to 'Various-The_Witcher,_Pt._3_Wild_Hunt/025.Welcome,_Imlerith-Welcome,_Imlerith.wav' as it's not a positive integer
writeCommonTags: couldn't write 'year' tag to 'Various-The_Witcher,_Pt._3_Wild_Hunt/026.Drink_Up,_Theres_More!-Drink_Up,_Theres_More!.wav' as it's not a positive integer
writeCommonTags: couldn't write 'track' tag to 'Various-The_Witcher,_Pt._3_Wild_Hunt/026.Drink_Up,_Theres_More!-Drink_Up,_Theres_More!.wav' as it's not a positive integer
writeCommonTags: couldn't write 'year' tag to 'Various-The_Witcher,_Pt._3_Wild_Hunt/001.The_Trail-The_Trail.wav' as it's not a positive integer
writeCommonTags: couldn't write 'track' tag to 'Various-The_Witcher,_Pt._3_Wild_Hunt/001.The_Trail-The_Trail.wav' as it's not a positive integer
writeCommonTags: couldn't write 'track' tag to 'Various-The_Witcher,_Pt._3_Wild_Hunt/002.Geralt_of_Rivia-Geralt_of_Rivia.wav' as it's not a positive integer
writeCommonTags: couldn't write 'year' tag to 'Various-The_Witcher,_Pt._3_Wild_Hunt/003.Eredin,_King_of_the_Hunt-Eredin,_King_of_the_Hunt.wav' as it's not a positive integer
writeCommonTags: couldn't write 'track' tag to 'Various-The_Witcher,_Pt._3_Wild_Hunt/003.Eredin,_King_of_the_Hunt-Eredin,_King_of_the_Hunt.wav' as it's not a positive integer
writeCommonTags: couldn't write 'year' tag to 'Various-The_Witcher,_Pt._3_Wild_Hunt/004.Wake_Up,_Ciri-Wake_Up,_Ciri.wav' as it's not a positive integer
writeCommonTags: couldn't write 'track' tag to 'Various-The_Witcher,_Pt._3_Wild_Hunt/004.Wake_Up,_Ciri-Wake_Up,_Ciri.wav' as it's not a positive integer
writeCommonTags: couldn't write 'year' tag to 'Various-The_Witcher,_Pt._3_Wild_Hunt/005.Aen_Seidhe-Aen_Seidhe.wav' as it's not a positive integer
writeCommonTags: couldn't write 'track' tag to 'Various-The_Witcher,_Pt._3_Wild_Hunt/005.Aen_Seidhe-Aen_Seidhe.wav' as it's not a positive integer
writeCommonTags: couldn't write 'year' tag to 'Various-The_Witcher,_Pt._3_Wild_Hunt/006.Commanding_the_Fury-Commanding_the_Fury.wav' as it's not a positive integer
writeCommonTags: couldn't write 'track' tag to 'Various-The_Witcher,_Pt._3_Wild_Hunt/006.Commanding_the_Fury-Commanding_the_Fury.wav' as it's not a positive integer
writeCommonTags: couldn't write 'year' tag to 'Various-The_Witcher,_Pt._3_Wild_Hunt/007.Emhyr_var_Emreis-Emhyr_var_Emreis.wav' as it's not a positive integer
writeCommonTags: couldn't write 'track' tag to 'Various-The_Witcher,_Pt._3_Wild_Hunt/007.Emhyr_var_Emreis-Emhyr_var_Emreis.wav' as it's not a positive integer
writeCommonTags: couldn't write 'year' tag to 'Various-The_Witcher,_Pt._3_Wild_Hunt/008.Spikeroog-Spikeroog.wav' as it's not a positive integer
writeCommonTags: couldn't write 'track' tag to 'Various-The_Witcher,_Pt._3_Wild_Hunt/008.Spikeroog-Spikeroog.wav' as it's not a positive integer
writeCommonTags: couldn't write 'year' tag to 'Various-The_Witcher,_Pt._3_Wild_Hunt/009.King_Brans_Final_Voyage-King_Brans_Final_Voyage.wav' as it's not a positive integer
writeCommonTags: couldn't write 'track' tag to 'Various-The_Witcher,_Pt._3_Wild_Hunt/009.King_Brans_Final_Voyage-King_Brans_Final_Voyage.wav' as it's not a positive integer
writeCommonTags: couldn't write 'year' tag to 'Various-The_Witcher,_Pt._3_Wild_Hunt/010.Silver_for_Monsters…-Silver_for_Monsters….wav' as it's not a positive integer
writeCommonTags: couldn't write 'track' tag to 'Various-The_Witcher,_Pt._3_Wild_Hunt/010.Silver_for_Monsters…-Silver_for_Monsters….wav' as it's not a positive integer
writeCommonTags: couldn't write 'year' tag to 'Various-The_Witcher,_Pt._3_Wild_Hunt/011.Whispers_of_Oxenfurt-Whispers_of_Oxenfurt.wav' as it's not a positive integer
writeCommonTags: couldn't write 'track' tag to 'Various-The_Witcher,_Pt._3_Wild_Hunt/011.Whispers_of_Oxenfurt-Whispers_of_Oxenfurt.wav' as it's not a positive integer
writeCommonTags: couldn't write 'year' tag to 'Various-The_Witcher,_Pt._3_Wild_Hunt/012.The_Nightingale-The_Nightingale.wav' as it's not a positive integer
writeCommonTags: couldn't write 'track' tag to 'Various-The_Witcher,_Pt._3_Wild_Hunt/012.The_Nightingale-The_Nightingale.wav' as it's not a positive integer
writeCommonTags: couldn't write 'year' tag to 'Various-The_Witcher,_Pt._3_Wild_Hunt/013.City_of_intrigues-City_of_intrigues.wav' as it's not a positive integer
writeCommonTags: couldn't write 'track' tag to 'Various-The_Witcher,_Pt._3_Wild_Hunt/013.City_of_intrigues-City_of_intrigues.wav' as it's not a positive integer
writeCommonTags: couldn't write 'year' tag to 'Various-The_Witcher,_Pt._3_Wild_Hunt/014.The_Hunters_Path-The_Hunters_Path.wav' as it's not a positive integer
writeCommonTags: couldn't write 'track' tag to 'Various-The_Witcher,_Pt._3_Wild_Hunt/014.The_Hunters_Path-The_Hunters_Path.wav' as it's not a positive integer
writeCommonTags: couldn't write 'year' tag to 'Various-The_Witcher,_Pt._3_Wild_Hunt/015.Widow-Maker-Widow-Maker.wav' as it's not a positive integer
writeCommonTags: couldn't write 'track' tag to 'Various-The_Witcher,_Pt._3_Wild_Hunt/015.Widow-Maker-Widow-Maker.wav' as it's not a positive integer
writeCommonTags: couldn't write 'year' tag to 'Various-The_Witcher,_Pt._3_Wild_Hunt/016.Kaer_Morthen-Kaer_Morthen.wav' as it's not a positive integer
writeCommonTags: couldn't write 'track' tag to 'Various-The_Witcher,_Pt._3_Wild_Hunt/016.Kaer_Morthen-Kaer_Morthen.wav' as it's not a positive integer
writeCommonTags: couldn't write 'year' tag to 'Various-The_Witcher,_Pt._3_Wild_Hunt/017.Eyes_of_the_Wolf-Eyes_of_the_Wolf.wav' as it's not a positive integer
writeCommonTags: couldn't write 'track' tag to 'Various-The_Witcher,_Pt._3_Wild_Hunt/017.Eyes_of_the_Wolf-Eyes_of_the_Wolf.wav' as it's not a positive integer
writeCommonTags: couldn't write 'year' tag to 'Various-The_Witcher,_Pt._3_Wild_Hunt/018.Witch_Hunters-Witch_Hunters.wav' as it's not a positive integer
writeCommonTags: couldn't write 'track' tag to 'Various-The_Witcher,_Pt._3_Wild_Hunt/018.Witch_Hunters-Witch_Hunters.wav' as it's not a positive integer
writeCommonTags: couldn't write 'year' tag to 'Various-The_Witcher,_Pt._3_Wild_Hunt/019.…Steel_for_Humans-…Steel_for_Humans.wav' as it's not a positive integer
writeCommonTags: couldn't write 'track' tag to 'Various-The_Witcher,_Pt._3_Wild_Hunt/019.…Steel_for_Humans-…Steel_for_Humans.wav' as it's not a positive integer
writeCommonTags: couldn't write 'year' tag to 'Various-The_Witcher,_Pt._3_Wild_Hunt/020.Fate_Calls-Fate_Calls.wav' as it's not a positive integer
writeCommonTags: couldn't write 'track' tag to 'Various-The_Witcher,_Pt._3_Wild_Hunt/020.Fate_Calls-Fate_Calls.wav' as it's not a positive integer
writeCommonTags: couldn't write 'year' tag to 'Various-The_Witcher,_Pt._3_Wild_Hunt/021.The_Vagabond-The_Vagabond.wav' as it's not a positive integer
writeCommonTags: couldn't write 'track' tag to 'Various-The_Witcher,_Pt._3_Wild_Hunt/021.The_Vagabond-The_Vagabond.wav' as it's not a positive integer
writeCommonTags: couldn't write 'year' tag to 'Various-The_Witcher,_Pt._3_Wild_Hunt/022.Cloak_and_Dagger-Cloak_and_Dagger.wav' as it's not a positive integer
writeCommonTags: couldn't write 'track' tag to 'Various-The_Witcher,_Pt._3_Wild_Hunt/022.Cloak_and_Dagger-Cloak_and_Dagger.wav' as it's not a positive integer
writeCommonTags: couldn't write 'year' tag to 'Various-The_Witcher,_Pt._3_Wild_Hunt/023.Forged_in_Fire-Forged_in_Fire.wav' as it's not a positive integer
writeCommonTags: couldn't write 'track' tag to 'Various-The_Witcher,_Pt._3_Wild_Hunt/023.Forged_in_Fire-Forged_in_Fire.wav' as it's not a positive integer
writeCommonTags: couldn't write 'year' tag to 'Various-The_Witcher,_Pt._3_Wild_Hunt/024.Yes,_I_Do…-Yes,_I_Do….wav' as it's not a positive integer
writeCommonTags: couldn't write 'track' tag to 'Various-The_Witcher,_Pt._3_Wild_Hunt/024.Yes,_I_Do…-Yes,_I_Do….wav' as it's not a positive integer
writeCommonTags: couldn't write 'year' tag to 'Various-The_Witcher,_Pt._3_Wild_Hunt/025.Welcome,_Imlerith-Welcome,_Imlerith.wav' as it's not a positive integer
writeCommonTags: couldn't write 'track' tag to 'Various-The_Witcher,_Pt._3_Wild_Hunt/025.Welcome,_Imlerith-Welcome,_Imlerith.wav' as it's not a positive integer
writeCommonTags: couldn't write 'year' tag to 'Various-The_Witcher,_Pt._3_Wild_Hunt/026.Drink_Up,_Theres_More!-Drink_Up,_Theres_More!.wav' as it's not a positive integer
writeCommonTags: couldn't write 'track' tag to 'Various-The_Witcher,_Pt._3_Wild_Hunt/026.Drink_Up,_Theres_More!-Drink_Up,_Theres_More!.wav' as it's not a positive integer
writeCommonTags: couldn't write 'year' tag to 'Various-The_Witcher,_Pt._3_Wild_Hunt/001.The_Trail-The_Trail.wav' as it's not a positive integer
writeCommonTags: couldn't write 'track' tag to 'Various-The_Witcher,_Pt._3_Wild_Hunt/001.The_Trail-The_Trail.wav' as it's not a positive integer
writeCommonTags: couldn't write 'track' tag to 'Various-The_Witcher,_Pt._3_Wild_Hunt/002.Geralt_of_Rivia-Geralt_of_Rivia.wav' as it's not a positive integer
writeCommonTags: couldn't write 'year' tag to 'Various-The_Witcher,_Pt._3_Wild_Hunt/003.Eredin,_King_of_the_Hunt-Eredin,_King_of_the_Hunt.wav' as it's not a positive integer
writeCommonTags: couldn't write 'track' tag to 'Various-The_Witcher,_Pt._3_Wild_Hunt/003.Eredin,_King_of_the_Hunt-Eredin,_King_of_the_Hunt.wav' as it's not a positive integer
writeCommonTags: couldn't write 'year' tag to 'Various-The_Witcher,_Pt._3_Wild_Hunt/004.Wake_Up,_Ciri-Wake_Up,_Ciri.wav' as it's not a positive integer
writeCommonTags: couldn't write 'track' tag to 'Various-The_Witcher,_Pt._3_Wild_Hunt/004.Wake_Up,_Ciri-Wake_Up,_Ciri.wav' as it's not a positive integer
writeCommonTags: couldn't write 'year' tag to 'Various-The_Witcher,_Pt._3_Wild_Hunt/005.Aen_Seidhe-Aen_Seidhe.wav' as it's not a positive integer
writeCommonTags: couldn't write 'track' tag to 'Various-The_Witcher,_Pt._3_Wild_Hunt/005.Aen_Seidhe-Aen_Seidhe.wav' as it's not a positive integer
writeCommonTags: couldn't write 'year' tag to 'Various-The_Witcher,_Pt._3_Wild_Hunt/006.Commanding_the_Fury-Commanding_the_Fury.wav' as it's not a positive integer
writeCommonTags: couldn't write 'track' tag to 'Various-The_Witcher,_Pt._3_Wild_Hunt/006.Commanding_the_Fury-Commanding_the_Fury.wav' as it's not a positive integer
writeCommonTags: couldn't write 'year' tag to 'Various-The_Witcher,_Pt._3_Wild_Hunt/007.Emhyr_var_Emreis-Emhyr_var_Emreis.wav' as it's not a positive integer
writeCommonTags: couldn't write 'track' tag to 'Various-The_Witcher,_Pt._3_Wild_Hunt/007.Emhyr_var_Emreis-Emhyr_var_Emreis.wav' as it's not a positive integer
writeCommonTags: couldn't write 'year' tag to 'Various-The_Witcher,_Pt._3_Wild_Hunt/008.Spikeroog-Spikeroog.wav' as it's not a positive integer
writeCommonTags: couldn't write 'track' tag to 'Various-The_Witcher,_Pt._3_Wild_Hunt/008.Spikeroog-Spikeroog.wav' as it's not a positive integer
writeCommonTags: couldn't write 'year' tag to 'Various-The_Witcher,_Pt._3_Wild_Hunt/009.King_Brans_Final_Voyage-King_Brans_Final_Voyage.wav' as it's not a positive integer
writeCommonTags: couldn't write 'track' tag to 'Various-The_Witcher,_Pt._3_Wild_Hunt/009.King_Brans_Final_Voyage-King_Brans_Final_Voyage.wav' as it's not a positive integer
writeCommonTags: couldn't write 'year' tag to 'Various-The_Witcher,_Pt._3_Wild_Hunt/010.Silver_for_Monsters…-Silver_for_Monsters….wav' as it's not a positive integer
writeCommonTags: couldn't write 'track' tag to 'Various-The_Witcher,_Pt._3_Wild_Hunt/010.Silver_for_Monsters…-Silver_for_Monsters….wav' as it's not a positive integer
writeCommonTags: couldn't write 'year' tag to 'Various-The_Witcher,_Pt._3_Wild_Hunt/011.Whispers_of_Oxenfurt-Whispers_of_Oxenfurt.wav' as it's not a positive integer
writeCommonTags: couldn't write 'track' tag to 'Various-The_Witcher,_Pt._3_Wild_Hunt/011.Whispers_of_Oxenfurt-Whispers_of_Oxenfurt.wav' as it's not a positive integer
writeCommonTags: couldn't write 'year' tag to 'Various-The_Witcher,_Pt._3_Wild_Hunt/012.The_Nightingale-The_Nightingale.wav' as it's not a positive integer
writeCommonTags: couldn't write 'track' tag to 'Various-The_Witcher,_Pt._3_Wild_Hunt/012.The_Nightingale-The_Nightingale.wav' as it's not a positive integer
writeCommonTags: couldn't write 'year' tag to 'Various-The_Witcher,_Pt._3_Wild_Hunt/013.City_of_intrigues-City_of_intrigues.wav' as it's not a positive integer
writeCommonTags: couldn't write 'track' tag to 'Various-The_Witcher,_Pt._3_Wild_Hunt/013.City_of_intrigues-City_of_intrigues.wav' as it's not a positive integer
writeCommonTags: couldn't write 'year' tag to 'Various-The_Witcher,_Pt._3_Wild_Hunt/014.The_Hunters_Path-The_Hunters_Path.wav' as it's not a positive integer
writeCommonTags: couldn't write 'track' tag to 'Various-The_Witcher,_Pt._3_Wild_Hunt/014.The_Hunters_Path-The_Hunters_Path.wav' as it's not a positive integer
writeCommonTags: couldn't write 'year' tag to 'Various-The_Witcher,_Pt._3_Wild_Hunt/015.Widow-Maker-Widow-Maker.wav' as it's not a positive integer
writeCommonTags: couldn't write 'track' tag to 'Various-The_Witcher,_Pt._3_Wild_Hunt/015.Widow-Maker-Widow-Maker.wav' as it's not a positive integer
writeCommonTags: couldn't write 'year' tag to 'Various-The_Witcher,_Pt._3_Wild_Hunt/016.Kaer_Morthen-Kaer_Morthen.wav' as it's not a positive integer
writeCommonTags: couldn't write 'track' tag to 'Various-The_Witcher,_Pt._3_Wild_Hunt/016.Kaer_Morthen-Kaer_Morthen.wav' as it's not a positive integer
writeCommonTags: couldn't write 'year' tag to 'Various-The_Witcher,_Pt._3_Wild_Hunt/017.Eyes_of_the_Wolf-Eyes_of_the_Wolf.wav' as it's not a positive integer
writeCommonTags: couldn't write 'track' tag to 'Various-The_Witcher,_Pt._3_Wild_Hunt/017.Eyes_of_the_Wolf-Eyes_of_the_Wolf.wav' as it's not a positive integer
writeCommonTags: couldn't write 'year' tag to 'Various-The_Witcher,_Pt._3_Wild_Hunt/018.Witch_Hunters-Witch_Hunters.wav' as it's not a positive integer
writeCommonTags: couldn't write 'track' tag to 'Various-The_Witcher,_Pt._3_Wild_Hunt/018.Witch_Hunters-Witch_Hunters.wav' as it's not a positive integer
writeCommonTags: couldn't write 'year' tag to 'Various-The_Witcher,_Pt._3_Wild_Hunt/019.…Steel_for_Humans-…Steel_for_Humans.wav' as it's not a positive integer
writeCommonTags: couldn't write 'track' tag to 'Various-The_Witcher,_Pt._3_Wild_Hunt/019.…Steel_for_Humans-…Steel_for_Humans.wav' as it's not a positive integer
writeCommonTags: couldn't write 'year' tag to 'Various-The_Witcher,_Pt._3_Wild_Hunt/020.Fate_Calls-Fate_Calls.wav' as it's not a positive integer
writeCommonTags: couldn't write 'track' tag to 'Various-The_Witcher,_Pt._3_Wild_Hunt/020.Fate_Calls-Fate_Calls.wav' as it's not a positive integer
writeCommonTags: couldn't write 'year' tag to 'Various-The_Witcher,_Pt._3_Wild_Hunt/021.The_Vagabond-The_Vagabond.wav' as it's not a positive integer
writeCommonTags: couldn't write 'track' tag to 'Various-The_Witcher,_Pt._3_Wild_Hunt/021.The_Vagabond-The_Vagabond.wav' as it's not a positive integer
writeCommonTags: couldn't write 'year' tag to 'Various-The_Witcher,_Pt._3_Wild_Hunt/022.Cloak_and_Dagger-Cloak_and_Dagger.wav' as it's not a positive integer
writeCommonTags: couldn't write 'track' tag to 'Various-The_Witcher,_Pt._3_Wild_Hunt/022.Cloak_and_Dagger-Cloak_and_Dagger.wav' as it's not a positive integer
writeCommonTags: couldn't write 'year' tag to 'Various-The_Witcher,_Pt._3_Wild_Hunt/023.Forged_in_Fire-Forged_in_Fire.wav' as it's not a positive integer
writeCommonTags: couldn't write 'track' tag to 'Various-The_Witcher,_Pt._3_Wild_Hunt/023.Forged_in_Fire-Forged_in_Fire.wav' as it's not a positive integer
writeCommonTags: couldn't write 'year' tag to 'Various-The_Witcher,_Pt._3_Wild_Hunt/024.Yes,_I_Do…-Yes,_I_Do….wav' as it's not a positive integer
writeCommonTags: couldn't write 'track' tag to 'Various-The_Witcher,_Pt._3_Wild_Hunt/024.Yes,_I_Do…-Yes,_I_Do….wav' as it's not a positive integer
writeCommonTags: couldn't write 'year' tag to 'Various-The_Witcher,_Pt._3_Wild_Hunt/025.Welcome,_Imlerith-Welcome,_Imlerith.wav' as it's not a positive integer
writeCommonTags: couldn't write 'track' tag to 'Various-The_Witcher,_Pt._3_Wild_Hunt/025.Welcome,_Imlerith-Welcome,_Imlerith.wav' as it's not a positive integer
writeCommonTags: couldn't write 'year' tag to 'Various-The_Witcher,_Pt._3_Wild_Hunt/026.Drink_Up,_Theres_More!-Drink_Up,_Theres_More!.wav' as it's not a positive integer
writeCommonTags: couldn't write 'track' tag to 'Various-The_Witcher,_Pt._3_Wild_Hunt/026.Drink_Up,_Theres_More!-Drink_Up,_Theres_More!.wav' as it's not a positive integer
writeCommonTags: couldn't write 'track' tag to 'Various-The_Witcher,_Pt._3_Wild_Hunt/001.The_Trail-The_Trail.wav' as it's not a positive integer
writeCommonTags: couldn't write 'track' tag to 'Various-The_Witcher,_Pt._3_Wild_Hunt/002.Geralt_of_Rivia-Geralt_of_Rivia.wav' as it's not a positive integer
writeCommonTags: couldn't write 'year' tag to 'Various-The_Witcher,_Pt._3_Wild_Hunt/003.Eredin,_King_of_the_Hunt-Eredin,_King_of_the_Hunt.wav' as it's not a positive integer
writeCommonTags: couldn't write 'track' tag to 'Various-The_Witcher,_Pt._3_Wild_Hunt/003.Eredin,_King_of_the_Hunt-Eredin,_King_of_the_Hunt.wav' as it's not a positive integer
writeCommonTags: couldn't write 'year' tag to 'Various-The_Witcher,_Pt._3_Wild_Hunt/004.Wake_Up,_Ciri-Wake_Up,_Ciri.wav' as it's not a positive integer
writeCommonTags: couldn't write 'track' tag to 'Various-The_Witcher,_Pt._3_Wild_Hunt/004.Wake_Up,_Ciri-Wake_Up,_Ciri.wav' as it's not a positive integer
writeCommonTags: couldn't write 'year' tag to 'Various-The_Witcher,_Pt._3_Wild_Hunt/005.Aen_Seidhe-Aen_Seidhe.wav' as it's not a positive integer
writeCommonTags: couldn't write 'track' tag to 'Various-The_Witcher,_Pt._3_Wild_Hunt/005.Aen_Seidhe-Aen_Seidhe.wav' as it's not a positive integer
writeCommonTags: couldn't write 'year' tag to 'Various-The_Witcher,_Pt._3_Wild_Hunt/006.Commanding_the_Fury-Commanding_the_Fury.wav' as it's not a positive integer
writeCommonTags: couldn't write 'track' tag to 'Various-The_Witcher,_Pt._3_Wild_Hunt/006.Commanding_the_Fury-Commanding_the_Fury.wav' as it's not a positive integer
writeCommonTags: couldn't write 'year' tag to 'Various-The_Witcher,_Pt._3_Wild_Hunt/007.Emhyr_var_Emreis-Emhyr_var_Emreis.wav' as it's not a positive integer
writeCommonTags: couldn't write 'track' tag to 'Various-The_Witcher,_Pt._3_Wild_Hunt/007.Emhyr_var_Emreis-Emhyr_var_Emreis.wav' as it's not a positive integer
writeCommonTags: couldn't write 'year' tag to 'Various-The_Witcher,_Pt._3_Wild_Hunt/008.Spikeroog-Spikeroog.wav' as it's not a positive integer
writeCommonTags: couldn't write 'track' tag to 'Various-The_Witcher,_Pt._3_Wild_Hunt/008.Spikeroog-Spikeroog.wav' as it's not a positive integer
writeCommonTags: couldn't write 'year' tag to 'Various-The_Witcher,_Pt._3_Wild_Hunt/009.King_Brans_Final_Voyage-King_Brans_Final_Voyage.wav' as it's not a positive integer
writeCommonTags: couldn't write 'track' tag to 'Various-The_Witcher,_Pt._3_Wild_Hunt/009.King_Brans_Final_Voyage-King_Brans_Final_Voyage.wav' as it's not a positive integer
writeCommonTags: couldn't write 'year' tag to 'Various-The_Witcher,_Pt._3_Wild_Hunt/010.Silver_for_Monsters…-Silver_for_Monsters….wav' as it's not a positive integer
writeCommonTags: couldn't write 'track' tag to 'Various-The_Witcher,_Pt._3_Wild_Hunt/010.Silver_for_Monsters…-Silver_for_Monsters….wav' as it's not a positive integer
writeCommonTags: couldn't write 'year' tag to 'Various-The_Witcher,_Pt._3_Wild_Hunt/011.Whispers_of_Oxenfurt-Whispers_of_Oxenfurt.wav' as it's not a positive integer
writeCommonTags: couldn't write 'track' tag to 'Various-The_Witcher,_Pt._3_Wild_Hunt/011.Whispers_of_Oxenfurt-Whispers_of_Oxenfurt.wav' as it's not a positive integer
writeCommonTags: couldn't write 'year' tag to 'Various-The_Witcher,_Pt._3_Wild_Hunt/012.The_Nightingale-The_Nightingale.wav' as it's not a positive integer
writeCommonTags: couldn't write 'track' tag to 'Various-The_Witcher,_Pt._3_Wild_Hunt/012.The_Nightingale-The_Nightingale.wav' as it's not a positive integer
writeCommonTags: couldn't write 'year' tag to 'Various-The_Witcher,_Pt._3_Wild_Hunt/013.City_of_intrigues-City_of_intrigues.wav' as it's not a positive integer
writeCommonTags: couldn't write 'track' tag to 'Various-The_Witcher,_Pt._3_Wild_Hunt/013.City_of_intrigues-City_of_intrigues.wav' as it's not a positive integer
writeCommonTags: couldn't write 'year' tag to 'Various-The_Witcher,_Pt._3_Wild_Hunt/014.The_Hunters_Path-The_Hunters_Path.wav' as it's not a positive integer
writeCommonTags: couldn't write 'track' tag to 'Various-The_Witcher,_Pt._3_Wild_Hunt/014.The_Hunters_Path-The_Hunters_Path.wav' as it's not a positive integer
writeCommonTags: couldn't write 'year' tag to 'Various-The_Witcher,_Pt._3_Wild_Hunt/015.Widow-Maker-Widow-Maker.wav' as it's not a positive integer
writeCommonTags: couldn't write 'track' tag to 'Various-The_Witcher,_Pt._3_Wild_Hunt/015.Widow-Maker-Widow-Maker.wav' as it's not a positive integer
writeCommonTags: couldn't write 'year' tag to 'Various-The_Witcher,_Pt._3_Wild_Hunt/016.Kaer_Morthen-Kaer_Morthen.wav' as it's not a positive integer
writeCommonTags: couldn't write 'track' tag to 'Various-The_Witcher,_Pt._3_Wild_Hunt/016.Kaer_Morthen-Kaer_Morthen.wav' as it's not a positive integer
writeCommonTags: couldn't write 'year' tag to 'Various-The_Witcher,_Pt._3_Wild_Hunt/017.Eyes_of_the_Wolf-Eyes_of_the_Wolf.wav' as it's not a positive integer
writeCommonTags: couldn't write 'track' tag to 'Various-The_Witcher,_Pt._3_Wild_Hunt/017.Eyes_of_the_Wolf-Eyes_of_the_Wolf.wav' as it's not a positive integer
writeCommonTags: couldn't write 'year' tag to 'Various-The_Witcher,_Pt._3_Wild_Hunt/018.Witch_Hunters-Witch_Hunters.wav' as it's not a positive integer
writeCommonTags: couldn't write 'track' tag to 'Various-The_Witcher,_Pt._3_Wild_Hunt/018.Witch_Hunters-Witch_Hunters.wav' as it's not a positive integer
writeCommonTags: couldn't write 'year' tag to 'Various-The_Witcher,_Pt._3_Wild_Hunt/019.…Steel_for_Humans-…Steel_for_Humans.wav' as it's not a positive integer
writeCommonTags: couldn't write 'track' tag to 'Various-The_Witcher,_Pt._3_Wild_Hunt/019.…Steel_for_Humans-…Steel_for_Humans.wav' as it's not a positive integer
writeCommonTags: couldn't write 'year' tag to 'Various-The_Witcher,_Pt._3_Wild_Hunt/020.Fate_Calls-Fate_Calls.wav' as it's not a positive integer
writeCommonTags: couldn't write 'track' tag to 'Various-The_Witcher,_Pt._3_Wild_Hunt/020.Fate_Calls-Fate_Calls.wav' as it's not a positive integer
writeCommonTags: couldn't write 'year' tag to 'Various-The_Witcher,_Pt._3_Wild_Hunt/021.The_Vagabond-The_Vagabond.wav' as it's not a positive integer
writeCommonTags: couldn't write 'track' tag to 'Various-The_Witcher,_Pt._3_Wild_Hunt/021.The_Vagabond-The_Vagabond.wav' as it's not a positive integer
writeCommonTags: couldn't write 'year' tag to 'Various-The_Witcher,_Pt._3_Wild_Hunt/022.Cloak_and_Dagger-Cloak_and_Dagger.wav' as it's not a positive integer
writeCommonTags: couldn't write 'track' tag to 'Various-The_Witcher,_Pt._3_Wild_Hunt/022.Cloak_and_Dagger-Cloak_and_Dagger.wav' as it's not a positive integer
writeCommonTags: couldn't write 'year' tag to 'Various-The_Witcher,_Pt._3_Wild_Hunt/023.Forged_in_Fire-Forged_in_Fire.wav' as it's not a positive integer
writeCommonTags: couldn't write 'track' tag to 'Various-The_Witcher,_Pt._3_Wild_Hunt/023.Forged_in_Fire-Forged_in_Fire.wav' as it's not a positive integer
writeCommonTags: couldn't write 'year' tag to 'Various-The_Witcher,_Pt._3_Wild_Hunt/024.Yes,_I_Do…-Yes,_I_Do….wav' as it's not a positive integer
writeCommonTags: couldn't write 'track' tag to 'Various-The_Witcher,_Pt._3_Wild_Hunt/024.Yes,_I_Do…-Yes,_I_Do….wav' as it's not a positive integer
writeCommonTags: couldn't write 'year' tag to 'Various-The_Witcher,_Pt._3_Wild_Hunt/025.Welcome,_Imlerith-Welcome,_Imlerith.wav' as it's not a positive integer
writeCommonTags: couldn't write 'track' tag to 'Various-The_Witcher,_Pt._3_Wild_Hunt/025.Welcome,_Imlerith-Welcome,_Imlerith.wav' as it's not a positive integer
writeCommonTags: couldn't write 'year' tag to 'Various-The_Witcher,_Pt._3_Wild_Hunt/026.Drink_Up,_Theres_More!-Drink_Up,_Theres_More!.wav' as it's not a positive integer
writeCommonTags: couldn't write 'track' tag to 'Various-The_Witcher,_Pt._3_Wild_Hunt/026.Drink_Up,_Theres_More!-Drink_Up,_Theres_More!.wav' as it's not a positive integer
writeCommonTags: couldn't write 'track' tag to 'Various-The_Witcher,_Pt._3_Wild_Hunt/001.The_Trail-The_Trail.wav' as it's not a positive integer
writeCommonTags: couldn't write 'track' tag to 'Various-The_Witcher,_Pt._3_Wild_Hunt/002.Geralt_of_Rivia-Geralt_of_Rivia.wav' as it's not a positive integer
writeCommonTags: couldn't write 'track' tag to 'Various-The_Witcher,_Pt._3_Wild_Hunt/003.Eredin,_King_of_the_Hunt-Eredin,_King_of_the_Hunt.wav' as it's not a positive integer
writeCommonTags: couldn't write 'track' tag to 'Various-The_Witcher,_Pt._3_Wild_Hunt/004.Wake_Up,_Ciri-Wake_Up,_Ciri.wav' as it's not a positive integer
writeCommonTags: couldn't write 'track' tag to 'Various-The_Witcher,_Pt._3_Wild_Hunt/005.Aen_Seidhe-Aen_Seidhe.wav' as it's not a positive integer
writeCommonTags: couldn't write 'track' tag to 'Various-The_Witcher,_Pt._3_Wild_Hunt/006.Commanding_the_Fury-Commanding_the_Fury.wav' as it's not a positive integer
writeCommonTags: couldn't write 'track' tag to 'Various-The_Witcher,_Pt._3_Wild_Hunt/007.Emhyr_var_Emreis-Emhyr_var_Emreis.wav' as it's not a positive integer
writeCommonTags: couldn't write 'track' tag to 'Various-The_Witcher,_Pt._3_Wild_Hunt/008.Spikeroog-Spikeroog.wav' as it's not a positive integer
writeCommonTags: couldn't write 'track' tag to 'Various-The_Witcher,_Pt._3_Wild_Hunt/009.King_Brans_Final_Voyage-King_Brans_Final_Voyage.wav' as it's not a positive integer
writeCommonTags: couldn't write 'track' tag to 'Various-The_Witcher,_Pt._3_Wild_Hunt/010.Silver_for_Monsters…-Silver_for_Monsters….wav' as it's not a positive integer
writeCommonTags: couldn't write 'track' tag to 'Various-The_Witcher,_Pt._3_Wild_Hunt/011.Whispers_of_Oxenfurt-Whispers_of_Oxenfurt.wav' as it's not a positive integer
writeCommonTags: couldn't write 'track' tag to 'Various-The_Witcher,_Pt._3_Wild_Hunt/012.The_Nightingale-The_Nightingale.wav' as it's not a positive integer
writeCommonTags: couldn't write 'track' tag to 'Various-The_Witcher,_Pt._3_Wild_Hunt/013.City_of_intrigues-City_of_intrigues.wav' as it's not a positive integer
writeCommonTags: couldn't write 'track' tag to 'Various-The_Witcher,_Pt._3_Wild_Hunt/014.The_Hunters_Path-The_Hunters_Path.wav' as it's not a positive integer
writeCommonTags: couldn't write 'track' tag to 'Various-The_Witcher,_Pt._3_Wild_Hunt/015.Widow-Maker-Widow-Maker.wav' as it's not a positive integer
writeCommonTags: couldn't write 'track' tag to 'Various-The_Witcher,_Pt._3_Wild_Hunt/016.Kaer_Morthen-Kaer_Morthen.wav' as it's not a positive integer
writeCommonTags: couldn't write 'track' tag to 'Various-The_Witcher,_Pt._3_Wild_Hunt/017.Eyes_of_the_Wolf-Eyes_of_the_Wolf.wav' as it's not a positive integer
writeCommonTags: couldn't write 'track' tag to 'Various-The_Witcher,_Pt._3_Wild_Hunt/018.Witch_Hunters-Witch_Hunters.wav' as it's not a positive integer
writeCommonTags: couldn't write 'track' tag to 'Various-The_Witcher,_Pt._3_Wild_Hunt/019.…Steel_for_Humans-…Steel_for_Humans.wav' as it's not a positive integer
writeCommonTags: couldn't write 'track' tag to 'Various-The_Witcher,_Pt._3_Wild_Hunt/020.Fate_Calls-Fate_Calls.wav' as it's not a positive integer
writeCommonTags: couldn't write 'track' tag to 'Various-The_Witcher,_Pt._3_Wild_Hunt/021.The_Vagabond-The_Vagabond.wav' as it's not a positive integer
writeCommonTags: couldn't write 'track' tag to 'Various-The_Witcher,_Pt._3_Wild_Hunt/022.Cloak_and_Dagger-Cloak_and_Dagger.wav' as it's not a positive integer
writeCommonTags: couldn't write 'track' tag to 'Various-The_Witcher,_Pt._3_Wild_Hunt/023.Forged_in_Fire-Forged_in_Fire.wav' as it's not a positive integer
writeCommonTags: couldn't write 'track' tag to 'Various-The_Witcher,_Pt._3_Wild_Hunt/024.Yes,_I_Do…-Yes,_I_Do….wav' as it's not a positive integer
writeCommonTags: couldn't write 'track' tag to 'Various-The_Witcher,_Pt._3_Wild_Hunt/025.Welcome,_Imlerith-Welcome,_Imlerith.wav' as it's not a positive integer
writeCommonTags: couldn't write 'track' tag to 'Various-The_Witcher,_Pt._3_Wild_Hunt/026.Drink_Up,_Theres_More!-Drink_Up,_Theres_More!.wav' as it's not a positive integer
writeCommonTags: couldn't write 'track' tag to 'Various-The_Witcher,_Pt._3_Wild_Hunt/001.The_Trail-The_Trail.wav' as it's not a positive integer
writeCommonTags: couldn't write 'track' tag to 'Various-The_Witcher,_Pt._3_Wild_Hunt/002.Geralt_of_Rivia-Geralt_of_Rivia.wav' as it's not a positive integer
writeCommonTags: couldn't write 'track' tag to 'Various-The_Witcher,_Pt._3_Wild_Hunt/003.Eredin,_King_of_the_Hunt-Eredin,_King_of_the_Hunt.wav' as it's not a positive integer
writeCommonTags: couldn't write 'track' tag to 'Various-The_Witcher,_Pt._3_Wild_Hunt/004.Wake_Up,_Ciri-Wake_Up,_Ciri.wav' as it's not a positive integer
writeCommonTags: couldn't write 'track' tag to 'Various-The_Witcher,_Pt._3_Wild_Hunt/005.Aen_Seidhe-Aen_Seidhe.wav' as it's not a positive integer
writeCommonTags: couldn't write 'track' tag to 'Various-The_Witcher,_Pt._3_Wild_Hunt/006.Commanding_the_Fury-Commanding_the_Fury.wav' as it's not a positive integer
writeCommonTags: couldn't write 'track' tag to 'Various-The_Witcher,_Pt._3_Wild_Hunt/007.Emhyr_var_Emreis-Emhyr_var_Emreis.wav' as it's not a positive integer
writeCommonTags: couldn't write 'track' tag to 'Various-The_Witcher,_Pt._3_Wild_Hunt/008.Spikeroog-Spikeroog.wav' as it's not a positive integer
writeCommonTags: couldn't write 'track' tag to 'Various-The_Witcher,_Pt._3_Wild_Hunt/009.King_Brans_Final_Voyage-King_Brans_Final_Voyage.wav' as it's not a positive integer
writeCommonTags: couldn't write 'track' tag to 'Various-The_Witcher,_Pt._3_Wild_Hunt/010.Silver_for_Monsters…-Silver_for_Monsters….wav' as it's not a positive integer
writeCommonTags: couldn't write 'track' tag to 'Various-The_Witcher,_Pt._3_Wild_Hunt/011.Whispers_of_Oxenfurt-Whispers_of_Oxenfurt.wav' as it's not a positive integer
writeCommonTags: couldn't write 'track' tag to 'Various-The_Witcher,_Pt._3_Wild_Hunt/012.The_Nightingale-The_Nightingale.wav' as it's not a positive integer
writeCommonTags: couldn't write 'track' tag to 'Various-The_Witcher,_Pt._3_Wild_Hunt/013.City_of_intrigues-City_of_intrigues.wav' as it's not a positive integer
writeCommonTags: couldn't write 'track' tag to 'Various-The_Witcher,_Pt._3_Wild_Hunt/014.The_Hunters_Path-The_Hunters_Path.wav' as it's not a positive integer
writeCommonTags: couldn't write 'track' tag to 'Various-The_Witcher,_Pt._3_Wild_Hunt/015.Widow-Maker-Widow-Maker.wav' as it's not a positive integer
writeCommonTags: couldn't write 'track' tag to 'Various-The_Witcher,_Pt._3_Wild_Hunt/016.Kaer_Morthen-Kaer_Morthen.wav' as it's not a positive integer
writeCommonTags: couldn't write 'track' tag to 'Various-The_Witcher,_Pt._3_Wild_Hunt/017.Eyes_of_the_Wolf-Eyes_of_the_Wolf.wav' as it's not a positive integer
writeCommonTags: couldn't write 'track' tag to 'Various-The_Witcher,_Pt._3_Wild_Hunt/018.Witch_Hunters-Witch_Hunters.wav' as it's not a positive integer
writeCommonTags: couldn't write 'track' tag to 'Various-The_Witcher,_Pt._3_Wild_Hunt/019.…Steel_for_Humans-…Steel_for_Humans.wav' as it's not a positive integer
writeCommonTags: couldn't write 'track' tag to 'Various-The_Witcher,_Pt._3_Wild_Hunt/020.Fate_Calls-Fate_Calls.wav' as it's not a positive integer
writeCommonTags: couldn't write 'track' tag to 'Various-The_Witcher,_Pt._3_Wild_Hunt/021.The_Vagabond-The_Vagabond.wav' as it's not a positive integer
writeCommonTags: couldn't write 'track' tag to 'Various-The_Witcher,_Pt._3_Wild_Hunt/022.Cloak_and_Dagger-Cloak_and_Dagger.wav' as it's not a positive integer
writeCommonTags: couldn't write 'track' tag to 'Various-The_Witcher,_Pt._3_Wild_Hunt/023.Forged_in_Fire-Forged_in_Fire.wav' as it's not a positive integer
writeCommonTags: couldn't write 'track' tag to 'Various-The_Witcher,_Pt._3_Wild_Hunt/024.Yes,_I_Do…-Yes,_I_Do….wav' as it's not a positive integer
writeCommonTags: couldn't write 'track' tag to 'Various-The_Witcher,_Pt._3_Wild_Hunt/025.Welcome,_Imlerith-Welcome,_Imlerith.wav' as it's not a positive integer
writeCommonTags: couldn't write 'track' tag to 'Various-The_Witcher,_Pt._3_Wild_Hunt/026.Drink_Up,_Theres_More!-Drink_Up,_Theres_More!.wav' as it's not a positive integer
writeCommonTags: couldn't write 'track' tag to 'Various-The_Witcher,_Pt._3_Wild_Hunt/001.The_Trail-The_Trail.wav' as it's not a positive integer
writeCommonTags: couldn't write 'track' tag to 'Various-The_Witcher,_Pt._3_Wild_Hunt/001.The_Trail-The_Trail.wav' as it's not a positive integer
writeCommonTags: couldn't write 'track' tag to 'Various-The_Witcher,_Pt._3_Wild_Hunt/002.Geralt_of_Rivia-Geralt_of_Rivia.wav' as it's not a positive integer
writeCommonTags: couldn't write 'track' tag to 'Various-The_Witcher,_Pt._3_Wild_Hunt/003.Eredin,_King_of_the_Hunt-Eredin,_King_of_the_Hunt.wav' as it's not a positive integer
writeCommonTags: couldn't write 'track' tag to 'Various-The_Witcher,_Pt._3_Wild_Hunt/004.Wake_Up,_Ciri-Wake_Up,_Ciri.wav' as it's not a positive integer
writeCommonTags: couldn't write 'track' tag to 'Various-The_Witcher,_Pt._3_Wild_Hunt/005.Aen_Seidhe-Aen_Seidhe.wav' as it's not a positive integer
writeCommonTags: couldn't write 'track' tag to 'Various-The_Witcher,_Pt._3_Wild_Hunt/006.Commanding_the_Fury-Commanding_the_Fury.wav' as it's not a positive integer
writeCommonTags: couldn't write 'track' tag to 'Various-The_Witcher,_Pt._3_Wild_Hunt/007.Emhyr_var_Emreis-Emhyr_var_Emreis.wav' as it's not a positive integer
writeCommonTags: couldn't write 'track' tag to 'Various-The_Witcher,_Pt._3_Wild_Hunt/008.Spikeroog-Spikeroog.wav' as it's not a positive integer
writeCommonTags: couldn't write 'track' tag to 'Various-The_Witcher,_Pt._3_Wild_Hunt/009.King_Brans_Final_Voyage-King_Brans_Final_Voyage.wav' as it's not a positive integer
writeCommonTags: couldn't write 'track' tag to 'Various-The_Witcher,_Pt._3_Wild_Hunt/010.Silver_for_Monsters…-Silver_for_Monsters….wav' as it's not a positive integer
writeCommonTags: couldn't write 'track' tag to 'Various-The_Witcher,_Pt._3_Wild_Hunt/011.Whispers_of_Oxenfurt-Whispers_of_Oxenfurt.wav' as it's not a positive integer
writeCommonTags: couldn't write 'track' tag to 'Various-The_Witcher,_Pt._3_Wild_Hunt/012.The_Nightingale-The_Nightingale.wav' as it's not a positive integer
writeCommonTags: couldn't write 'track' tag to 'Various-The_Witcher,_Pt._3_Wild_Hunt/013.City_of_intrigues-City_of_intrigues.wav' as it's not a positive integer
writeCommonTags: couldn't write 'track' tag to 'Various-The_Witcher,_Pt._3_Wild_Hunt/014.The_Hunters_Path-The_Hunters_Path.wav' as it's not a positive integer
writeCommonTags: couldn't write 'track' tag to 'Various-The_Witcher,_Pt._3_Wild_Hunt/015.Widow-Maker-Widow-Maker.wav' as it's not a positive integer
writeCommonTags: couldn't write 'track' tag to 'Various-The_Witcher,_Pt._3_Wild_Hunt/016.Kaer_Morthen-Kaer_Morthen.wav' as it's not a positive integer
writeCommonTags: couldn't write 'track' tag to 'Various-The_Witcher,_Pt._3_Wild_Hunt/017.Eyes_of_the_Wolf-Eyes_of_the_Wolf.wav' as it's not a positive integer
writeCommonTags: couldn't write 'track' tag to 'Various-The_Witcher,_Pt._3_Wild_Hunt/018.Witch_Hunters-Witch_Hunters.wav' as it's not a positive integer
writeCommonTags: couldn't write 'track' tag to 'Various-The_Witcher,_Pt._3_Wild_Hunt/019.…Steel_for_Humans-…Steel_for_Humans.wav' as it's not a positive integer
writeCommonTags: couldn't write 'track' tag to 'Various-The_Witcher,_Pt._3_Wild_Hunt/020.Fate_Calls-Fate_Calls.wav' as it's not a positive integer
writeCommonTags: couldn't write 'track' tag to 'Various-The_Witcher,_Pt._3_Wild_Hunt/021.The_Vagabond-The_Vagabond.wav' as it's not a positive integer
writeCommonTags: couldn't write 'track' tag to 'Various-The_Witcher,_Pt._3_Wild_Hunt/022.Cloak_and_Dagger-Cloak_and_Dagger.wav' as it's not a positive integer
writeCommonTags: couldn't write 'track' tag to 'Various-The_Witcher,_Pt._3_Wild_Hunt/023.Forged_in_Fire-Forged_in_Fire.wav' as it's not a positive integer
writeCommonTags: couldn't write 'track' tag to 'Various-The_Witcher,_Pt._3_Wild_Hunt/024.Yes,_I_Do…-Yes,_I_Do….wav' as it's not a positive integer
writeCommonTags: couldn't write 'track' tag to 'Various-The_Witcher,_Pt._3_Wild_Hunt/025.Welcome,_Imlerith-Welcome,_Imlerith.wav' as it's not a positive integer
writeCommonTags: couldn't write 'track' tag to 'Various-The_Witcher,_Pt._3_Wild_Hunt/026.Drink_Up,_Theres_More!-Drink_Up,_Theres_More!.wav' as it's not a positive integer
writeCommonTags: couldn't write 'track' tag to 'Various-The_Witcher,_Pt._3_Wild_Hunt/001.The_Trail-The_Trail.wav' as it's not a positive integer
writeCommonTags: couldn't write 'track' tag to 'Various-The_Witcher,_Pt._3_Wild_Hunt/002.Geralt_of_Rivia-Geralt_of_Rivia.wav' as it's not a positive integer
writeCommonTags: couldn't write 'track' tag to 'Various-The_Witcher,_Pt._3_Wild_Hunt/003.Eredin,_King_of_the_Hunt-Eredin,_King_of_the_Hunt.wav' as it's not a positive integer
writeCommonTags: couldn't write 'track' tag to 'Various-The_Witcher,_Pt._3_Wild_Hunt/004.Wake_Up,_Ciri-Wake_Up,_Ciri.wav' as it's not a positive integer
writeCommonTags: couldn't write 'track' tag to 'Various-The_Witcher,_Pt._3_Wild_Hunt/005.Aen_Seidhe-Aen_Seidhe.wav' as it's not a positive integer
writeCommonTags: couldn't write 'track' tag to 'Various-The_Witcher,_Pt._3_Wild_Hunt/006.Commanding_the_Fury-Commanding_the_Fury.wav' as it's not a positive integer
writeCommonTags: couldn't write 'track' tag to 'Various-The_Witcher,_Pt._3_Wild_Hunt/007.Emhyr_var_Emreis-Emhyr_var_Emreis.wav' as it's not a positive integer
writeCommonTags: couldn't write 'track' tag to 'Various-The_Witcher,_Pt._3_Wild_Hunt/008.Spikeroog-Spikeroog.wav' as it's not a positive integer
writeCommonTags: couldn't write 'track' tag to 'Various-The_Witcher,_Pt._3_Wild_Hunt/009.King_Brans_Final_Voyage-King_Brans_Final_Voyage.wav' as it's not a positive integer
writeCommonTags: couldn't write 'track' tag to 'Various-The_Witcher,_Pt._3_Wild_Hunt/010.Silver_for_Monsters…-Silver_for_Monsters….wav' as it's not a positive integer
writeCommonTags: couldn't write 'track' tag to 'Various-The_Witcher,_Pt._3_Wild_Hunt/011.Whispers_of_Oxenfurt-Whispers_of_Oxenfurt.wav' as it's not a positive integer
writeCommonTags: couldn't write 'track' tag to 'Various-The_Witcher,_Pt._3_Wild_Hunt/012.The_Nightingale-The_Nightingale.wav' as it's not a positive integer
writeCommonTags: couldn't write 'track' tag to 'Various-The_Witcher,_Pt._3_Wild_Hunt/013.City_of_intrigues-City_of_intrigues.wav' as it's not a positive integer
writeCommonTags: couldn't write 'track' tag to 'Various-The_Witcher,_Pt._3_Wild_Hunt/014.The_Hunters_Path-The_Hunters_Path.wav' as it's not a positive integer
writeCommonTags: couldn't write 'track' tag to 'Various-The_Witcher,_Pt._3_Wild_Hunt/015.Widow-Maker-Widow-Maker.wav' as it's not a positive integer
writeCommonTags: couldn't write 'track' tag to 'Various-The_Witcher,_Pt._3_Wild_Hunt/016.Kaer_Morthen-Kaer_Morthen.wav' as it's not a positive integer
writeCommonTags: couldn't write 'track' tag to 'Various-The_Witcher,_Pt._3_Wild_Hunt/017.Eyes_of_the_Wolf-Eyes_of_the_Wolf.wav' as it's not a positive integer
writeCommonTags: couldn't write 'track' tag to 'Various-The_Witcher,_Pt._3_Wild_Hunt/018.Witch_Hunters-Witch_Hunters.wav' as it's not a positive integer
writeCommonTags: couldn't write 'track' tag to 'Various-The_Witcher,_Pt._3_Wild_Hunt/019.…Steel_for_Humans-…Steel_for_Humans.wav' as it's not a positive integer
writeCommonTags: couldn't write 'track' tag to 'Various-The_Witcher,_Pt._3_Wild_Hunt/020.Fate_Calls-Fate_Calls.wav' as it's not a positive integer
writeCommonTags: couldn't write 'track' tag to 'Various-The_Witcher,_Pt._3_Wild_Hunt/021.The_Vagabond-The_Vagabond.wav' as it's not a positive integer
writeCommonTags: couldn't write 'track' tag to 'Various-The_Witcher,_Pt._3_Wild_Hunt/022.Cloak_and_Dagger-Cloak_and_Dagger.wav' as it's not a positive integer
writeCommonTags: couldn't write 'track' tag to 'Various-The_Witcher,_Pt._3_Wild_Hunt/023.Forged_in_Fire-Forged_in_Fire.wav' as it's not a positive integer
writeCommonTags: couldn't write 'track' tag to 'Various-The_Witcher,_Pt._3_Wild_Hunt/024.Yes,_I_Do…-Yes,_I_Do….wav' as it's not a positive integer
writeCommonTags: couldn't write 'track' tag to 'Various-The_Witcher,_Pt._3_Wild_Hunt/025.Welcome,_Imlerith-Welcome,_Imlerith.wav' as it's not a positive integer
writeCommonTags: couldn't write 'track' tag to 'Various-The_Witcher,_Pt._3_Wild_Hunt/026.Drink_Up,_Theres_More!-Drink_Up,_Theres_More!.wav' as it's not a positive integer
